2025-08-22 17:43:07 [INFO] Anonymized telemetry enabled. See                     https://docs.trychroma.com/telemetry for more information.
2025-08-22 17:43:07 [INFO] Retriever successfully created from ChromaDB.
2025-08-23 15:20:26 [ERROR] ChromaDB not found. Please run db_utils.py to load data first.
2025-08-23 15:21:04 [INFO] Anonymized telemetry enabled. See                     https://docs.trychroma.com/telemetry for more information.
2025-08-23 15:26:03 [INFO] Data already exists in ChromaDB. Skipping embedding creation.
2025-08-23 15:27:39 [INFO] Anonymized telemetry enabled. See                     https://docs.trychroma.com/telemetry for more information.
2025-08-23 15:39:23 [INFO] Anonymized telemetry enabled. See                     https://docs.trychroma.com/telemetry for more information.
2025-08-23 15:45:51 [INFO] Anonymized telemetry enabled. See                     https://docs.trychroma.com/telemetry for more information.
2025-08-23 15:46:48 [INFO] Anonymized telemetry enabled. See                     https://docs.trychroma.com/telemetry for more information.
2025-08-23 15:56:03 [INFO] Data already exists in ChromaDB. Skipping embedding creation.
2025-08-23 15:56:29 [INFO] Anonymized telemetry enabled. See                     https://docs.trychroma.com/telemetry for more information.
2025-08-23 18:15:09 [INFO] Data already exists in ChromaDB. Skipping embedding creation.
2025-08-23 18:17:52 [INFO] Load pretrained SentenceTransformer: sentence-transformers/all-MiniLM-L6-v2
2025-08-23 18:17:57 [INFO] Use pytorch device_name: cpu
2025-08-23 18:23:22 [INFO] Load pretrained SentenceTransformer: sentence-transformers/all-MiniLM-L6-v2
2025-08-23 18:23:26 [INFO] Use pytorch device_name: cpu
2025-08-23 18:28:11 [INFO] Data already exists in ChromaDB. Skipping embedding creation.
2025-08-23 18:28:39 [INFO] Load pretrained SentenceTransformer: sentence-transformers/all-MiniLM-L6-v2
2025-08-23 18:28:43 [INFO] Use pytorch device_name: cpu
2025-08-23 18:30:25 [INFO] Load pretrained SentenceTransformer: sentence-transformers/all-MiniLM-L6-v2
2025-08-23 18:30:29 [INFO] Use pytorch device_name: cpu
2025-08-23 18:33:36 [INFO] Load pretrained SentenceTransformer: sentence-transformers/all-MiniLM-L6-v2
2025-08-23 18:33:41 [INFO] Use pytorch device_name: cpu
2025-08-23 22:31:41 [INFO] Load pretrained SentenceTransformer: sentence-transformers/all-MiniLM-L6-v2
2025-08-23 22:31:47 [INFO] Use pytorch device_name: cpu
2025-08-23 22:34:37 [INFO] Load pretrained SentenceTransformer: sentence-transformers/all-MiniLM-L6-v2
2025-08-23 22:34:43 [INFO] Use pytorch device_name: cpu
2025-08-23 22:46:11 [ERROR] ChromaDB not found. Please run db_utils.py to load data first.
2025-08-23 22:47:59 [ERROR] ChromaDB not found. Please run db_utils.py to load data first.
2025-08-23 22:48:26 [INFO] Anonymized telemetry enabled. See                     https://docs.trychroma.com/telemetry for more information.
2025-08-24 13:05:31 [INFO] Anonymized telemetry enabled. See                     https://docs.trychroma.com/telemetry for more information.
2025-08-24 13:05:46 [INFO] Load pretrained SentenceTransformer: sentence-transformers/all-MiniLM-L6-v2
2025-08-24 13:05:53 [INFO] Use pytorch device_name: cpu
2025-08-24 13:06:07 [INFO] Embedings created in memory
2025-08-24 13:06:07 [INFO] Load pretrained SentenceTransformer: sentence-transformers/all-MiniLM-L6-v2
2025-08-24 13:06:10 [INFO] Use pytorch device_name: cpu
2025-08-24 13:08:33 [INFO] Embedings created in memory
2025-08-24 13:08:33 [INFO] Load pretrained SentenceTransformer: sentence-transformers/all-MiniLM-L6-v2
2025-08-24 13:08:38 [INFO] Use pytorch device_name: cpu
